app/build/intermediates/manifest_merge_blame_file/debug/manifest-merger-blame-debug-report.txt
1<?xml version="1.0" encoding="utf-8"?>
2<manifest xmlns:android="http://schemas.android.com/apk/res/android"
3    package="com.example.bustickets"
4    android:targetSandboxVersion="1"
5    android:versionCode="1"
6    android:versionName="1.0" >
7
8    <uses-sdk
9        android:minSdkVersion="19"
9-->src\main\AndroidManifest.xml
10        android:targetSdkVersion="30" />
10-->src\main\AndroidManifest.xml
11    <!--
12         The ACCESS_COARSE/FINE_LOCATION permissions are not required to use
13         Google Maps Android API v2, but you must specify either coarse or fine
14         location permissions for the "MyLocation" functionality.
15    -->
16    <uses-permission android:name="android.permission.ACCESS_FINE_LOCATION" />
16-->src\main\AndroidManifest.xml:12:5-79
16-->src\main\AndroidManifest.xml:12:22-76
17    <uses-permission android:name="android.permission.ACCESS_NETWORK_STATE" />
17-->src\main\AndroidManifest.xml:13:5-79
17-->src\main\AndroidManifest.xml:13:22-76
18    <uses-permission android:name="android.permission.INTERNET" />
18-->src\main\AndroidManifest.xml:14:5-67
18-->src\main\AndroidManifest.xml:14:22-64
19    <uses-permission android:name="android.permission.ACCESS_WIFI_STATE" />
19-->[com.google.android.libraries.places:places:2.4.0] AndroidManifest.xml:10:5-76
19-->[com.google.android.libraries.places:places:2.4.0] AndroidManifest.xml:10:22-73
20
21    <uses-feature
21-->[com.google.android.gms:play-services-maps:17.0.0] AndroidManifest.xml:26:5-28:35
22        android:glEsVersion="0x00020000"
22-->[com.google.android.gms:play-services-maps:17.0.0] AndroidManifest.xml:27:9-41
23        android:required="true" />
23-->[com.google.android.gms:play-services-maps:17.0.0] AndroidManifest.xml:28:9-32
24
25    <uses-permission android:name="android.permission.CAMERA" />
25-->[io.card:android-sdk:5.5.1] AndroidManifest.xml:9:5-65
25-->[io.card:android-sdk:5.5.1] AndroidManifest.xml:9:22-62
26    <uses-permission android:name="android.permission.VIBRATE" />
26-->[io.card:android-sdk:5.5.1] AndroidManifest.xml:10:5-66
26-->[io.card:android-sdk:5.5.1] AndroidManifest.xml:10:22-63
27
28    <uses-feature
28-->[io.card:android-sdk:5.5.1] AndroidManifest.xml:12:5-14:36
29        android:name="android.hardware.camera"
29-->[io.card:android-sdk:5.5.1] AndroidManifest.xml:13:9-47
30        android:required="false" />
30-->[io.card:android-sdk:5.5.1] AndroidManifest.xml:14:9-33
31    <uses-feature
31-->[io.card:android-sdk:5.5.1] AndroidManifest.xml:15:5-17:36
32        android:name="android.hardware.camera.autofocus"
32-->[io.card:android-sdk:5.5.1] AndroidManifest.xml:16:9-57
33        android:required="false" />
33-->[io.card:android-sdk:5.5.1] AndroidManifest.xml:17:9-33
34
35    <application
35-->src\main\AndroidManifest.xml:16:5-57:19
36        android:name="androidx.multidex.MultiDexApplication"
37        android:allowBackup="true"
37-->src\main\AndroidManifest.xml:17:9-35
38        android:appComponentFactory="androidx.core.app.CoreComponentFactory"
38-->[androidx.core:core:1.3.1] AndroidManifest.xml:24:18-86
39        android:debuggable="true"
40        android:icon="@mipmap/ic_launcher"
40-->src\main\AndroidManifest.xml:18:9-43
41        android:label="@string/app_name"
41-->src\main\AndroidManifest.xml:19:9-41
42        android:networkSecurityConfig="@xml/network_security_config"
42-->src\main\AndroidManifest.xml:20:9-69
43        android:roundIcon="@mipmap/ic_launcher_round"
43-->src\main\AndroidManifest.xml:21:9-54
44        android:supportsRtl="true"
44-->src\main\AndroidManifest.xml:22:9-35
45        android:testOnly="true"
46        android:theme="@style/Theme.BusTickets"
46-->src\main\AndroidManifest.xml:23:9-48
47        android:usesCleartextTraffic="true" >
47-->src\main\AndroidManifest.xml:24:9-44
48        <activity android:name="com.example.bustickets.fragments.NextBus" />
48-->src\main\AndroidManifest.xml:26:9-64
48-->src\main\AndroidManifest.xml:26:19-52
49        <activity android:name="com.example.bustickets.ActivateTicket" />
49-->src\main\AndroidManifest.xml:27:9-52
49-->src\main\AndroidManifest.xml:27:19-49
50        <activity android:name="com.example.bustickets.fragments.AddBalance" />
50-->src\main\AndroidManifest.xml:28:9-58
50-->src\main\AndroidManifest.xml:28:19-55
51        <activity android:name="com.example.bustickets.fragments.Wallet" />
51-->src\main\AndroidManifest.xml:29:9-54
51-->src\main\AndroidManifest.xml:29:19-51
52        <activity android:name="com.example.bustickets.PayPal" />
52-->src\main\AndroidManifest.xml:30:9-44
52-->src\main\AndroidManifest.xml:30:19-41
53        <!--
54             The API key for Google Maps-based APIs is defined as a string resource.
55             (See the file "res/values/google_maps_api.xml").
56             Note that the API key is linked to the encryption key used to sign the APK.
57             You need a different API key for each encryption key, including the release key that is used to
58             sign the APK for publishing.
59             You can define the keys for the debug and release targets in src/debug/ and src/release/.
60        -->
61        <meta-data
61-->src\main\AndroidManifest.xml:39:9-41:55
62            android:name="com.google.android.geo.API_KEY"
62-->src\main\AndroidManifest.xml:40:13-58
63            android:value="@string/google_maps_key" />
63-->src\main\AndroidManifest.xml:41:13-52
64        <meta-data
64-->src\main\AndroidManifest.xml:42:9-44:69
65            android:name="com.google.android.gms.version"
65-->src\main\AndroidManifest.xml:43:13-58
66            android:value="@integer/google_play_services_version" />
66-->src\main\AndroidManifest.xml:44:13-66
67
68        <activity android:name="com.example.bustickets.Tickets" />
68-->src\main\AndroidManifest.xml:46:9-45
68-->src\main\AndroidManifest.xml:46:19-42
69        <activity android:name="com.example.bustickets.SplashScreen" />
69-->src\main\AndroidManifest.xml:47:9-50
69-->src\main\AndroidManifest.xml:47:19-47
70        <activity android:name="com.example.bustickets.Options" />
70-->src\main\AndroidManifest.xml:48:9-45
70-->src\main\AndroidManifest.xml:48:19-42
71        <activity android:name="com.example.bustickets.Select_City" />
71-->src\main\AndroidManifest.xml:49:9-49
71-->src\main\AndroidManifest.xml:49:19-46
72        <activity android:name="com.example.bustickets.MainActivity" >
72-->src\main\AndroidManifest.xml:50:9-56:20
72-->src\main\AndroidManifest.xml:50:19-47
73            <intent-filter>
73-->src\main\AndroidManifest.xml:51:13-55:29
74                <action android:name="android.intent.action.MAIN" />
74-->src\main\AndroidManifest.xml:52:17-69
74-->src\main\AndroidManifest.xml:52:25-66
75
76                <category android:name="android.intent.category.LAUNCHER" />
76-->src\main\AndroidManifest.xml:54:17-77
76-->src\main\AndroidManifest.xml:54:27-74
77            </intent-filter>
78        </activity>
79        <activity
79-->[com.google.android.libraries.places:places:2.4.0] AndroidManifest.xml:14:9-20:20
80            android:name="com.google.android.libraries.places.widget.AutocompleteActivity"
80-->[com.google.android.libraries.places:places:2.4.0] AndroidManifest.xml:15:13-91
81            android:exported="false"
81-->[com.google.android.libraries.places:places:2.4.0] AndroidManifest.xml:16:13-37
82            android:label="@string/places_autocomplete_label"
82-->[com.google.android.libraries.places:places:2.4.0] AndroidManifest.xml:17:13-62
83            android:theme="@style/PlacesAutocompleteOverlay"
83-->[com.google.android.libraries.places:places:2.4.0] AndroidManifest.xml:18:13-61
84            android:windowSoftInputMode="adjustResize" >
84-->[com.google.android.libraries.places:places:2.4.0] AndroidManifest.xml:19:13-55
85        </activity> <!-- Needs to be explicitly declared on P+ -->
86        <uses-library
86-->[com.google.android.gms:play-services-maps:17.0.0] AndroidManifest.xml:33:9-35:40
87            android:name="org.apache.http.legacy"
87-->[com.google.android.gms:play-services-maps:17.0.0] AndroidManifest.xml:34:13-50
88            android:required="false" />
88-->[com.google.android.gms:play-services-maps:17.0.0] AndroidManifest.xml:35:13-37
89
90        <activity android:name="com.paypal.android.sdk.payments.PaymentActivity" />
90-->[com.paypal.sdk:paypal-android-sdk:2.16.0] AndroidManifest.xml:13:9-84
90-->[com.paypal.sdk:paypal-android-sdk:2.16.0] AndroidManifest.xml:13:19-81
91        <activity android:name="com.paypal.android.sdk.payments.PaymentMethodActivity" />
91-->[com.paypal.sdk:paypal-android-sdk:2.16.0] AndroidManifest.xml:14:9-90
91-->[com.paypal.sdk:paypal-android-sdk:2.16.0] AndroidManifest.xml:14:19-87
92        <activity android:name="com.paypal.android.sdk.payments.PaymentConfirmActivity" />
92-->[com.paypal.sdk:paypal-android-sdk:2.16.0] AndroidManifest.xml:15:9-91
92-->[com.paypal.sdk:paypal-android-sdk:2.16.0] AndroidManifest.xml:15:19-88
93        <activity android:name="com.paypal.android.sdk.payments.LoginActivity" />
93-->[com.paypal.sdk:paypal-android-sdk:2.16.0] AndroidManifest.xml:16:9-82
93-->[com.paypal.sdk:paypal-android-sdk:2.16.0] AndroidManifest.xml:16:19-79
94        <activity android:name="com.paypal.android.sdk.payments.PayPalFuturePaymentActivity" />
94-->[com.paypal.sdk:paypal-android-sdk:2.16.0] AndroidManifest.xml:17:9-96
94-->[com.paypal.sdk:paypal-android-sdk:2.16.0] AndroidManifest.xml:17:19-93
95        <activity android:name="com.paypal.android.sdk.payments.FuturePaymentConsentActivity" />
95-->[com.paypal.sdk:paypal-android-sdk:2.16.0] AndroidManifest.xml:18:9-97
95-->[com.paypal.sdk:paypal-android-sdk:2.16.0] AndroidManifest.xml:18:19-94
96        <activity android:name="com.paypal.android.sdk.payments.FuturePaymentInfoActivity" />
96-->[com.paypal.sdk:paypal-android-sdk:2.16.0] AndroidManifest.xml:19:9-94
96-->[com.paypal.sdk:paypal-android-sdk:2.16.0] AndroidManifest.xml:19:19-91
97        <activity android:name="com.paypal.android.sdk.payments.PayPalProfileSharingActivity" />
97-->[com.paypal.sdk:paypal-android-sdk:2.16.0] AndroidManifest.xml:20:9-97
97-->[com.paypal.sdk:paypal-android-sdk:2.16.0] AndroidManifest.xml:20:19-94
98        <activity android:name="com.paypal.android.sdk.payments.ProfileSharingConsentActivity" />
98-->[com.paypal.sdk:paypal-android-sdk:2.16.0] AndroidManifest.xml:21:9-98
98-->[com.paypal.sdk:paypal-android-sdk:2.16.0] AndroidManifest.xml:21:19-95
99
100        <service
100-->[com.paypal.sdk:paypal-android-sdk:2.16.0] AndroidManifest.xml:23:9-25:40
101            android:name="com.paypal.android.sdk.payments.PayPalService"
101-->[com.paypal.sdk:paypal-android-sdk:2.16.0] AndroidManifest.xml:24:13-73
102            android:exported="false" />
102-->[com.paypal.sdk:paypal-android-sdk:2.16.0] AndroidManifest.xml:25:13-37
103
104        <activity
104-->[com.google.android.gms:play-services-base:17.2.1] AndroidManifest.xml:23:9-26:75
105            android:name="com.google.android.gms.common.api.GoogleApiActivity"
105-->[com.google.android.gms:play-services-base:17.2.1] AndroidManifest.xml:24:13-79
106            android:exported="false"
106-->[com.google.android.gms:play-services-base:17.2.1] AndroidManifest.xml:25:13-37
107            android:theme="@android:style/Theme.Translucent.NoTitleBar" />
107-->[com.google.android.gms:play-services-base:17.2.1] AndroidManifest.xml:26:13-72
108
109        <service
109-->[com.google.android.datatransport:transport-backend-cct:2.3.0] AndroidManifest.xml:29:9-35:19
110            android:name="com.google.android.datatransport.runtime.backends.TransportBackendDiscovery"
110-->[com.google.android.datatransport:transport-backend-cct:2.3.0] AndroidManifest.xml:30:13-103
111            android:exported="false" >
111-->[com.google.android.datatransport:transport-backend-cct:2.3.0] AndroidManifest.xml:31:13-37
112            <meta-data
112-->[com.google.android.datatransport:transport-backend-cct:2.3.0] AndroidManifest.xml:32:13-34:39
113                android:name="backend:com.google.android.datatransport.cct.CctBackendFactory"
113-->[com.google.android.datatransport:transport-backend-cct:2.3.0] AndroidManifest.xml:33:17-94
114                android:value="cct" />
114-->[com.google.android.datatransport:transport-backend-cct:2.3.0] AndroidManifest.xml:34:17-36
115        </service>
116        <service
116-->[com.google.android.datatransport:transport-runtime:2.2.3] AndroidManifest.xml:26:9-30:19
117            android:name="com.google.android.datatransport.runtime.scheduling.jobscheduling.JobInfoSchedulerService"
117-->[com.google.android.datatransport:transport-runtime:2.2.3] AndroidManifest.xml:27:13-117
118            android:exported="false"
118-->[com.google.android.datatransport:transport-runtime:2.2.3] AndroidManifest.xml:28:13-37
119            android:permission="android.permission.BIND_JOB_SERVICE" >
119-->[com.google.android.datatransport:transport-runtime:2.2.3] AndroidManifest.xml:29:13-69
120        </service>
121
122        <receiver
122-->[com.google.android.datatransport:transport-runtime:2.2.3] AndroidManifest.xml:32:9-34:40
123            android:name="com.google.android.datatransport.runtime.scheduling.jobscheduling.AlarmManagerSchedulerBroadcastReceiver"
123-->[com.google.android.datatransport:transport-runtime:2.2.3] AndroidManifest.xml:33:13-132
124            android:exported="false" />
124-->[com.google.android.datatransport:transport-runtime:2.2.3] AndroidManifest.xml:34:13-37
125
126        <provider
126-->[androidx.lifecycle:lifecycle-process:2.1.0] AndroidManifest.xml:23:9-27:43
127            android:name="androidx.lifecycle.ProcessLifecycleOwnerInitializer"
127-->[androidx.lifecycle:lifecycle-process:2.1.0] AndroidManifest.xml:24:13-79
128            android:authorities="com.example.bustickets.lifecycle-process"
128-->[androidx.lifecycle:lifecycle-process:2.1.0] AndroidManifest.xml:25:13-69
129            android:exported="false"
129-->[androidx.lifecycle:lifecycle-process:2.1.0] AndroidManifest.xml:26:13-37
130            android:multiprocess="true" />
130-->[androidx.lifecycle:lifecycle-process:2.1.0] AndroidManifest.xml:27:13-40
131
132        <activity
132-->[io.card:android-sdk:5.5.1] AndroidManifest.xml:20:9-22:66
133            android:name="io.card.payment.CardIOActivity"
133-->[io.card:android-sdk:5.5.1] AndroidManifest.xml:21:13-58
134            android:configChanges="keyboardHidden|orientation" />
134-->[io.card:android-sdk:5.5.1] AndroidManifest.xml:22:13-63
135        <activity android:name="io.card.payment.DataEntryActivity" />
135-->[io.card:android-sdk:5.5.1] AndroidManifest.xml:23:9-70
135-->[io.card:android-sdk:5.5.1] AndroidManifest.xml:23:19-67
136    </application>
137
138</manifest>